2025-03-19 14:36:44,976 - INFO - Executing query: SELECT ID,CARDNO FROM trnquotacustomer WHERE processed = 1
2025-03-19 14:44:12,156 - INFO - Executing query: SELECT cardno AS NOPOL from trnquotacustomer
2025-03-19 14:44:17,494 - INFO - Executing query: SELECT ID,CARDNO FROM trnquotacustomer WHERE processed = 1
2025-03-19 14:44:24,592 - INFO - Update button clicked
2025-03-19 14:44:24,593 - INFO - Update ID entered: 148
2025-03-19 14:44:24,593 - INFO - Executing update query: UPDATE trnquotacustomer SET processed = 0 WHERE id = 148
2025-03-19 14:44:24,593 - INFO - Attempting to execute update query
2025-03-19 14:44:24,593 - INFO - Attempting to execute update query
2025-03-19 14:44:31,587 - INFO - Executing query: SELECT ID,CARDNO FROM trnquotacustomer WHERE processed = 1
2025-03-19 14:49:13,787 - INFO - Executing query: SELECT ID,CARDNO FROM trnquotacustomer WHERE processed = 1
2025-03-19 14:51:08,377 - INFO - Executing query: SELECT ID,CARDNO FROM trnquotacustomer WHERE processed = 1
2025-03-19 14:51:14,811 - INFO - Update button clicked
2025-03-19 14:51:14,812 - INFO - Update ID entered: 149
2025-03-19 14:51:14,812 - INFO - Executing update query: UPDATE trnquotacustomer SET processed = 0 WHERE id = 149
2025-03-19 14:51:14,812 - INFO - Attempting to execute update query
2025-03-19 14:51:14,812 - INFO - Attempting to execute update query
2025-03-19 14:51:17,849 - INFO - Executing query: SELECT ID,CARDNO FROM trnquotacustomer WHERE processed = 1
2025-03-19 14:58:20,407 - INFO - Executing query: SELECT ID,CARDNO FROM trnquotacustomer WHERE processed = 1
2025-03-19 14:58:25,716 - INFO - Executing query: SELECT cardno AS NOPOL from trnquotacustomer
2025-03-19 14:58:30,037 - INFO - Executing query: SELECT ID,CARDNO FROM trnquotacustomer WHERE processed = 1
2025-03-19 14:58:49,271 - INFO - Executing query: SELECT ID,CARDNO FROM trnquotacustomer WHERE processed = 1
2025-03-19 14:58:53,963 - INFO - Executing query: SELECT ID,CARDNO FROM trnquotacustomer WHERE processed = 1
2025-03-19 15:00:59,245 - INFO - Executing query: SELECT ID,CARDNO FROM trnquotacustomer WHERE processed = 1
2025-03-19 15:01:10,365 - INFO - Update button clicked
2025-03-19 15:01:10,365 - INFO - Update ID entered: 155
2025-03-19 15:01:10,366 - INFO - Executing update query: UPDATE trnquotacustomer SET processed = 0 WHERE id = 155
2025-03-19 15:01:10,366 - INFO - Attempting to execute update query
2025-03-19 15:01:13,608 - INFO - Executing query: SELECT ID,CARDNO FROM trnquotacustomer WHERE processed = 1
2025-03-19 15:03:24,999 - INFO - Executing query: SELECT ID,CARDNO FROM trnquotacustomer WHERE processed = 1
2025-03-19 15:03:30,753 - INFO - Update button clicked
2025-03-19 15:03:30,754 - INFO - Update ID entered: 156
2025-03-19 15:03:30,754 - INFO - Executing update query: UPDATE trnquotacustomer SET processed = 0 WHERE id = 156
2025-03-19 15:03:30,754 - INFO - Attempting to execute update query
2025-03-19 15:05:15,901 - INFO - Executing query: SELECT ID,CARDNO FROM trnquotacustomer WHERE processed = 1
2025-03-19 15:05:22,252 - INFO - Update button clicked
2025-03-19 15:05:22,253 - INFO - Update ID entered: 157
2025-03-19 15:05:22,253 - INFO - Executing update query: UPDATE trnquotacustomer SET processed = 0 WHERE id = 157
2025-03-19 15:05:22,253 - INFO - Attempting to execute update query
2025-03-19 15:05:25,951 - INFO - Executing query: SELECT ID,CARDNO FROM trnquotacustomer WHERE processed = 1
2025-03-19 15:06:49,831 - INFO - Executing query: SELECT ID,CARDNO FROM trnquotacustomer WHERE processed = 1
2025-03-19 15:06:56,251 - INFO - Update button clicked
2025-03-19 15:06:56,251 - INFO - Update ID entered: 158
2025-03-19 15:06:56,252 - INFO - Executing update query: UPDATE trnquotacustomer SET processed = 0 WHERE id = 158
2025-03-19 15:06:56,252 - INFO - Attempting to execute update query
2025-03-19 15:07:01,587 - INFO - Executing query: SELECT ID,CARDNO FROM trnquotacustomer WHERE processed = 1
2025-03-19 15:10:33,787 - INFO - Executing query: SELECT ID,CARDNO FROM trnquotacustomer WHERE processed = 1
2025-03-19 15:10:47,169 - INFO - Executing query: SELECT cardno AS NOPOL from trnquotacustomer
2025-03-19 15:11:03,647 - INFO - Executing query: SELECT value AS location FROM trnsitedetail where id = 1
2025-03-19 15:11:19,169 - INFO - Executing query: SELECT * FROM trntransactionfuel where reprint = 0 LIMIT 5
2025-03-19 15:11:22,116 - INFO - Executing query: SELECT * FROM trnrfidmap
2025-03-19 15:12:23,332 - INFO - Executing query: SELECT * FROM trntransactionfuel where reprint = 0 LIMIT 1000
2025-03-19 15:24:59,902 - INFO - Executing query: SELECT ID,CARDNO FROM trnquotacustomer WHERE processed = 1
2025-03-19 15:25:08,125 - INFO - Executing query: SELECT ID,CARDNO FROM trnquotacustomer WHERE processed = 1
2025-03-19 15:25:18,064 - INFO - Executing query: SELECT * FROM trnrfidmap
2025-03-19 15:25:24,698 - INFO - Executing query: SELECT * FROM trntransactionfuel where reprint = 0 LIMIT 5
2025-03-19 15:25:27,326 - INFO - Executing query: SELECT ID,CARDNO FROM trnquotacustomer WHERE processed = 1
2025-03-19 15:25:28,622 - INFO - Executing query: SELECT * FROM trntransactionfuel where reprint = 0 LIMIT 5
2025-03-19 15:26:04,456 - INFO - Executing query: SELECT * FROM trnrfidmap
2025-03-19 15:26:08,709 - INFO - Executing query: SELECT ID,CARDNO FROM trnquotacustomer WHERE processed = 1
2025-03-19 15:26:09,918 - INFO - Executing query: SELECT * FROM trnrfidmap
2025-03-19 15:26:55,455 - INFO - Executing query: SELECT * FROM trnrfidmap
2025-03-19 15:26:56,232 - INFO - Executing query: SELECT ID,CARDNO FROM trnquotacustomer WHERE processed = 1
2025-03-19 15:26:57,612 - INFO - Executing query: SELECT * FROM trnrfidmap
2025-03-19 15:27:56,731 - INFO - Executing query: SELECT * FROM trntransactionfuel where reprint = 0 LIMIT 5
2025-03-19 15:28:04,817 - INFO - Executing query: SELECT value AS location FROM trnsitedetail where id = 1
2025-03-19 15:28:09,642 - INFO - Executing query: SELECT cardno AS NOPOL from trnquotacustomer
2025-03-19 15:28:31,998 - INFO - Executing query: SELECT * FROM trnrfidmap
2025-03-19 15:34:16,788 - INFO - Executing query: SELECT * FROM trnrfidmap
2025-03-19 15:34:25,469 - INFO - Executing query: SELECT * FROM trntransactionfuel where reprint = 0 LIMIT 5
2025-03-19 15:34:30,202 - INFO - Executing query: SELECT ID,CARDNO FROM trnquotacustomer WHERE processed = 1
2025-03-19 15:34:31,356 - INFO - Executing query: SELECT * FROM trntransactionfuel where reprint = 0 LIMIT 5
2025-03-19 15:34:33,821 - INFO - Executing query: SELECT ID,CARDNO FROM trnquotacustomer WHERE processed = 1
2025-03-19 15:34:35,105 - INFO - Executing query: SELECT * FROM trntransactionfuel where reprint = 0 LIMIT 5
2025-03-19 15:39:48,270 - INFO - Executing query: SELECT ID,CARDNO FROM trnquotacustomer WHERE processed = 1
2025-03-19 15:39:49,521 - INFO - Executing query: SELECT * FROM trntransactionfuel where reprint = 0 LIMIT 5
2025-03-19 15:40:00,080 - INFO - Executing query: SELECT * FROM trnrfidmap
2025-03-19 15:41:42,772 - INFO - Executing query: SELECT * FROM trnrfidmap
2025-03-19 15:41:52,924 - INFO - Executing query: SELECT value AS location FROM trnsitedetail where id = 1
2025-03-19 15:41:57,151 - INFO - Executing query: SELECT ID,CARDNO FROM trnquotacustomer WHERE processed = 1
2025-03-19 15:41:58,050 - INFO - Executing query: SELECT value AS location FROM trnsitedetail where id = 1
2025-03-19 15:42:13,740 - INFO - Executing query: SELECT * FROM trnrfidmap
2025-03-19 15:53:41,525 - INFO - Executing query: SELECT * FROM trnrfidmap
2025-03-19 15:53:44,366 - INFO - Executing query: SELECT ID,CARDNO FROM trnquotacustomer WHERE processed = 1
2025-03-19 15:54:02,697 - ERROR - Error occurred: java.sql.SQLTransientConnectionException: java.net.ConnectException: Connection timed out: connect
2025-03-19 15:54:04,941 - ERROR - Error occurred: java.sql.SQLTransientConnectionException: java.net.ConnectException: Connection timed out: connect
2025-03-19 15:54:04,948 - INFO - Executing query: SELECT * FROM trnrfidmap
2025-03-19 15:54:25,980 - ERROR - Error occurred: java.sql.SQLTransientConnectionException: java.net.ConnectException: Connection timed out: connect
2025-03-19 15:57:36,336 - INFO - Executing query: SELECT ID,CARDNO FROM trnquotacustomer WHERE processed = 1
2025-03-19 15:57:57,403 - ERROR - Error occurred: java.sql.SQLTransientConnectionException: java.net.ConnectException: Connection timed out: connect
2025-03-19 15:57:57,410 - INFO - Executing query: SELECT * FROM trnrfidmap
2025-03-19 15:58:18,453 - ERROR - Error occurred: java.sql.SQLTransientConnectionException: java.net.ConnectException: Connection timed out: connect
2025-03-19 15:58:41,999 - INFO - Executing query: SELECT * FROM trnrfidmap
2025-03-19 15:58:51,684 - INFO - Executing query: SELECT value AS location FROM trnsitedetail where id = 1
2025-03-19 16:14:58,511 - INFO - Executing query: SELECT value AS location FROM trnsitedetail where id = 1
2025-03-20 07:48:52,031 - INFO - Executing query: SELECT * FROM trnrfidmap
2025-03-20 07:48:57,401 - INFO - Executing query: SELECT ID,CARDNO FROM trnquotacustomer WHERE processed = 1
2025-03-20 07:48:58,249 - INFO - Executing query: SELECT * FROM trnrfidmap
2025-03-20 07:49:09,274 - INFO - Executing query: SELECT value AS location FROM trnsitedetail where id = 1
2025-03-20 07:49:24,581 - INFO - Executing query: SELECT ID,CARDNO FROM trnquotacustomer WHERE processed = 1
2025-03-20 07:49:25,508 - INFO - Executing query: SELECT value AS location FROM trnsitedetail where id = 1
2025-03-20 08:19:25,176 - INFO - Executing query: SELECT * FROM trnrfidmap
2025-03-20 08:19:36,891 - INFO - Executing query: SELECT ID,CARDNO FROM trnquotacustomer WHERE processed = 1
2025-03-20 08:19:37,362 - ERROR - Error occurred: java.sql.SQLTransientConnectionException: java.net.UnknownHostException: margomulyo.spbi
2025-03-20 08:19:37,363 - ERROR - Error occurred: java.sql.SQLTransientConnectionException: java.net.UnknownHostException: margomulyo.spbi
2025-03-20 08:19:37,435 - INFO - Executing query: SELECT * FROM trnrfidmap
2025-03-20 08:19:37,439 - ERROR - Error occurred: java.sql.SQLTransientConnectionException: java.net.UnknownHostException: margomulyo.spbi
2025-03-20 08:20:24,204 - INFO - Executing query: SELECT * FROM trnrfidmap
2025-03-20 08:20:25,279 - INFO - Executing query: SELECT * FROM trnrfidmap
2025-03-20 08:20:27,077 - INFO - Executing query: SELECT ID,CARDNO FROM trnquotacustomer WHERE processed = 1
2025-03-20 08:20:37,332 - ERROR - Error occurred: java.sql.SQLTransientConnectionException: java.net.UnknownHostException: margomulyo.spbi
2025-03-20 08:20:37,466 - ERROR - Error occurred: java.sql.SQLTransientConnectionException: java.net.UnknownHostException: margomulyo.spbi
2025-03-20 08:20:37,467 - ERROR - Error occurred: java.sql.SQLTransientConnectionException: java.net.UnknownHostException: margomulyo.spbi
2025-03-20 08:20:37,530 - INFO - Executing query: SELECT * FROM trnrfidmap
2025-03-20 08:20:37,532 - ERROR - Error occurred: java.sql.SQLTransientConnectionException: java.net.UnknownHostException: margomulyo.spbi
2025-03-20 08:21:24,019 - INFO - Executing query: SELECT * FROM trnrfidmap
2025-03-20 08:21:25,339 - ERROR - Error occurred: java.sql.SQLTransientConnectionException: java.net.UnknownHostException: margomulyo.spbi
2025-03-20 08:21:27,304 - INFO - Executing query: SELECT ID,CARDNO FROM trnquotacustomer WHERE processed = 1
2025-03-20 08:21:27,307 - ERROR - Error occurred: java.sql.SQLTransientConnectionException: java.net.UnknownHostException: margomulyo.spbi
2025-03-20 08:21:27,319 - INFO - Executing query: SELECT * FROM trnrfidmap
2025-03-20 08:21:27,322 - ERROR - Error occurred: java.sql.SQLTransientConnectionException: java.net.UnknownHostException: margomulyo.spbi
2025-03-20 08:22:05,619 - INFO - Executing query: SELECT * FROM trnrfidmap
2025-03-20 08:22:06,717 - INFO - Executing query: SELECT * FROM trnrfidmap
2025-03-20 08:22:06,946 - ERROR - Error occurred: java.sql.SQLTransientConnectionException: java.net.UnknownHostException: margomulyo.spbi
2025-03-20 08:22:06,947 - ERROR - Error occurred: java.sql.SQLTransientConnectionException: java.net.UnknownHostException: margomulyo.spbi
2025-03-20 08:22:07,214 - INFO - Executing query: SELECT * FROM trnrfidmap
2025-03-20 08:22:07,216 - ERROR - Error occurred: java.sql.SQLTransientConnectionException: java.net.UnknownHostException: margomulyo.spbi
2025-03-20 08:22:12,251 - INFO - Executing query: SELECT * FROM trntransactionfuel where reprint = 0 LIMIT 5
2025-03-20 08:22:12,256 - ERROR - Error occurred: java.sql.SQLTransientConnectionException: java.net.UnknownHostException: margomulyo.spbi
2025-03-20 08:22:15,645 - INFO - Executing query: SELECT value AS location FROM trnsitedetail where id = 1
2025-03-20 08:22:15,650 - ERROR - Error occurred: java.sql.SQLTransientConnectionException: java.net.UnknownHostException: margomulyo.spbi
2025-03-20 08:22:30,090 - INFO - Executing query: SELECT cardno AS NOPOL from trnquotacustomer
2025-03-20 08:22:44,466 - INFO - Executing query: SELECT cardno AS NOPOL from trnquotacustomer
2025-03-20 08:23:14,290 - INFO - Executing query: SELECT value AS location FROM trnsitedetail where id = 1
2025-03-20 08:23:22,480 - INFO - Executing query: SELECT * FROM trnrfidmap
2025-03-20 08:24:10,093 - INFO - Executing query: SELECT ID,CARDNO FROM trnquotacustomer WHERE processed = 1
2025-03-20 08:24:11,095 - INFO - Executing query: SELECT * FROM trnrfidmap
2025-03-20 08:24:51,273 - INFO - Executing query: SELECT ID,CARDNO FROM trnquotacustomer WHERE processed = 1
2025-03-20 08:24:52,064 - INFO - Executing query: SELECT * FROM trnrfidmap
2025-03-24 07:46:57,444 - INFO - Executing query: SELECT * FROM trnrfidmap
2025-03-24 07:47:50,894 - INFO - Executing query: SELECT ID,CARDNO FROM trnquotacustomer WHERE processed = 1
2025-03-24 07:47:51,929 - INFO - Executing query: SELECT * FROM trnrfidmap
2025-03-24 07:47:57,105 - INFO - Executing query: SELECT ID,CARDNO FROM trnquotacustomer WHERE processed = 1
2025-03-24 07:47:57,946 - INFO - Executing query: SELECT * FROM trnrfidmap
2025-03-24 08:06:04,987 - INFO - Executing query: SELECT ID,CARDNO FROM trnquotacustomer WHERE processed = 1
2025-03-24 08:06:05,972 - INFO - Executing query: SELECT * FROM trnrfidmap
2025-03-24 08:06:11,418 - INFO - Executing query: SELECT value AS location FROM trnsitedetail where id = 1
2025-03-24 08:20:56,036 - INFO - Executing query: SELECT * FROM trnrfidmap
2025-03-24 08:20:58,903 - INFO - Executing query: SELECT ID,CARDNO FROM trnquotacustomer WHERE processed = 1
2025-03-24 08:21:00,264 - INFO - Executing query: SELECT * FROM trnrfidmap
2025-03-24 08:24:37,074 - INFO - Executing query: SELECT ID,CARDNO FROM trnquotacustomer WHERE processed = 1
2025-03-24 08:24:38,027 - INFO - Executing query: SELECT * FROM trnrfidmap
2025-03-24 08:28:06,878 - INFO - Executing query: SELECT ID,CARDNO FROM trnquotacustomer WHERE processed = 1
2025-03-24 08:28:07,715 - INFO - Executing query: SELECT * FROM trnrfidmap
2025-03-24 08:33:48,707 - INFO - Executing query: SELECT * FROM trnrfidmap
2025-03-24 08:33:59,633 - INFO - Executing query: SELECT ID,CARDNO FROM trnquotacustomer WHERE processed = 1
2025-03-24 08:33:59,872 - ERROR - Error occurred: java.sql.SQLTransientConnectionException: java.net.UnknownHostException: margomulyo.spbi
2025-03-24 08:33:59,879 - ERROR - Error occurred: java.sql.SQLTransientConnectionException: java.net.UnknownHostException: margomulyo.spbi
2025-03-24 08:33:59,919 - INFO - Executing query: SELECT * FROM trnrfidmap
2025-03-24 08:33:59,922 - ERROR - Error occurred: java.sql.SQLTransientConnectionException: java.net.UnknownHostException: margomulyo.spbi
2025-03-24 08:34:01,868 - INFO - Executing query: SELECT * FROM trnrfidmap
2025-03-24 08:34:01,873 - ERROR - Error occurred: java.sql.SQLTransientConnectionException: java.net.UnknownHostException: margomulyo.spbi
2025-03-24 08:34:03,395 - INFO - Executing query: SELECT ID,CARDNO FROM trnquotacustomer WHERE processed = 1
2025-03-24 08:34:03,399 - ERROR - Error occurred: java.sql.SQLTransientConnectionException: java.net.UnknownHostException: margomulyo.spbi
2025-03-24 08:34:03,402 - INFO - Executing query: SELECT * FROM trnrfidmap
2025-03-24 08:34:03,403 - ERROR - Error occurred: java.sql.SQLTransientConnectionException: java.net.UnknownHostException: margomulyo.spbi
2025-03-24 08:34:05,881 - INFO - Executing query: SELECT ID,CARDNO FROM trnquotacustomer WHERE processed = 1
2025-03-24 08:34:05,884 - ERROR - Error occurred: java.sql.SQLTransientConnectionException: java.net.UnknownHostException: margomulyo.spbi
2025-03-24 08:34:05,887 - INFO - Executing query: SELECT * FROM trnrfidmap
2025-03-24 08:34:05,889 - ERROR - Error occurred: java.sql.SQLTransientConnectionException: java.net.UnknownHostException: margomulyo.spbi
2025-03-24 08:34:35,663 - INFO - Executing query: SELECT * FROM trnrfidmap
2025-03-24 08:34:36,777 - INFO - Executing query: SELECT ID,CARDNO FROM trnquotacustomer WHERE processed = 1
2025-03-24 08:34:37,650 - INFO - Executing query: SELECT * FROM trnrfidmap
2025-03-24 08:34:42,451 - INFO - Executing query: SELECT * FROM trnrfidmap
2025-03-24 08:34:45,055 - INFO - Executing query: SELECT ID,CARDNO FROM trnquotacustomer WHERE processed = 1
2025-03-24 08:34:45,954 - INFO - Executing query: SELECT * FROM trnrfidmap
2025-03-24 08:34:50,077 - INFO - Executing query: SELECT * FROM trnrfidmap
2025-03-24 08:34:53,002 - INFO - Executing query: SELECT ID,CARDNO FROM trnquotacustomer WHERE processed = 1
2025-03-24 08:34:53,837 - INFO - Executing query: SELECT * FROM trnrfidmap
2025-03-24 08:34:59,848 - INFO - Executing query: SELECT * FROM trnrfidmap
2025-03-24 08:35:03,810 - INFO - Executing query: SELECT ID,CARDNO FROM trnquotacustomer WHERE processed = 1
2025-03-24 08:35:04,922 - INFO - Executing query: SELECT * FROM trnrfidmap
2025-03-24 08:35:20,239 - INFO - Executing query: SELECT * FROM trnrfidmap
2025-03-24 08:36:08,791 - INFO - Executing query: SELECT * FROM trnrfidmap
2025-03-24 08:37:58,138 - INFO - Executing query: SELECT * FROM trnrfidmap
2025-03-24 08:38:19,288 - INFO - Executing query: SELECT * FROM trnrfidmap
2025-03-24 08:38:20,325 - INFO - Executing query: SELECT ID,CARDNO FROM trnquotacustomer WHERE processed = 1
2025-03-24 08:42:02,887 - INFO - Executing query: SELECT * FROM trnrfidmap
2025-03-24 08:42:07,305 - INFO - Executing query: SELECT * FROM trnrfidmap
2025-03-24 08:42:08,092 - INFO - Executing query: SELECT * FROM trnrfidmap
2025-03-24 08:42:16,899 - INFO - Executing query: SELECT * FROM trnrfidmap
2025-03-24 08:42:18,795 - INFO - Executing query: SELECT ID,CARDNO FROM trnquotacustomer WHERE processed = 1
2025-03-24 08:43:02,187 - INFO - Executing query: SELECT * FROM trnrfidmap
2025-03-24 08:46:44,665 - INFO - Executing query: SELECT * FROM trnrfidmap
2025-03-24 08:47:09,946 - INFO - Executing query: SELECT * FROM trntransactionfuel where reprint = 0 LIMIT 5
2025-03-24 08:49:18,131 - INFO - Executing query: SELECT ID,CARDNO FROM trnquotacustomer WHERE processed = 1
2025-03-24 08:49:26,452 - INFO - Executing query: SELECT ID,CARDNO FROM trnquotacustomer WHERE processed = 1
2025-03-24 08:51:00,880 - INFO - Executing query: SELECT * FROM trnrfidmap
2025-03-24 08:51:15,788 - INFO - Executing query: SELECT * FROM trnrfidmap
2025-03-24 08:51:57,704 - INFO - Executing query: SELECT * FROM trnrfidmap
2025-03-24 08:52:08,411 - INFO - Executing query: SELECT * FROM trnrfidmap
2025-03-24 08:52:44,119 - INFO - Executing query: SELECT * FROM trnrfidmap
2025-03-24 08:52:49,069 - INFO - Executing query: SELECT * FROM trntransactionfuel where reprint = 0 LIMIT 5
2025-03-24 08:55:08,344 - INFO - Executing query: SELECT * FROM trnrfidmap
2025-03-24 08:56:12,264 - INFO - Executing query: SELECT * FROM trnrfidmap
2025-03-24 08:56:39,742 - INFO - Executing query: SELECT * FROM trnrfidmap
2025-03-24 08:57:12,045 - INFO - Executing query: SELECT * FROM trnrfidmap
2025-03-24 08:57:15,925 - INFO - Executing query: SELECT ID,CARDNO FROM trnquotacustomer WHERE processed = 1
2025-03-24 08:57:17,093 - INFO - Executing query: SELECT * FROM trnrfidmap
2025-03-24 08:57:27,086 - INFO - Executing query: SELECT * FROM trnrfidmap
2025-03-24 08:57:27,171 - INFO - Release button clicked
2025-03-24 08:57:27,171 - INFO - Update ID entered: 80
2025-03-24 08:57:27,171 - INFO - Executing update query: UPDATE trnquotacustomer SET processed = 0 WHERE id = 80
2025-03-24 08:57:27,171 - INFO - Attempting to execute update query
2025-03-24 08:57:27,197 - ERROR - Terjadi kesalahan saat mengupdate data: No matching overloads found for *static* java.sql.DriverManager.getConnection(str,str), options are:
	public static java.sql.Connection java.sql.DriverManager.getConnection(java.lang.String) throws java.sql.SQLException
	public static java.sql.Connection java.sql.DriverManager.getConnection(java.lang.String,java.util.Properties) throws java.sql.SQLException
	public static java.sql.Connection java.sql.DriverManager.getConnection(java.lang.String,java.lang.String,java.lang.String) throws java.sql.SQLException

2025-03-24 09:05:01,233 - INFO - Executing query: SELECT * FROM trnrfidmap
2025-03-24 09:05:08,183 - INFO - Executing query: SELECT ID,CARDNO FROM trnquotacustomer WHERE processed = 1
2025-03-24 09:05:08,891 - INFO - Executing query: SELECT * FROM trnrfidmap
2025-03-24 09:05:14,399 - INFO - Executing query: SELECT * FROM trnrfidmap
2025-03-24 09:05:14,470 - INFO - Release button clicked
2025-03-24 09:05:14,470 - INFO - Update ID entered: 80
2025-03-24 09:05:14,470 - INFO - Executing update query: UPDATE trnquotacustomer SET processed = 0 WHERE id = 80
2025-03-24 09:05:14,470 - INFO - Attempting to execute update query
2025-03-24 09:05:15,522 - INFO - Executing query: SELECT * FROM trnrfidmap
2025-03-24 09:05:17,444 - INFO - Executing query: SELECT ID,CARDNO FROM trnquotacustomer WHERE processed = 1
2025-03-24 09:05:18,295 - INFO - Executing query: SELECT * FROM trnrfidmap
2025-03-24 09:05:48,766 - INFO - Executing query: SELECT * FROM trnrfidmap
2025-03-24 10:16:55,928 - INFO - Executing query: SELECT * FROM trnrfidmap
2025-03-24 10:16:57,291 - INFO - Executing query: SELECT ID,CARDNO FROM trnquotacustomer WHERE processed = 1
2025-03-24 10:16:58,295 - INFO - Executing query: SELECT * FROM trnrfidmap
2025-03-24 10:17:23,626 - INFO - Executing query: SELECT value AS location FROM trnsitedetail where id = 1
2025-03-24 10:17:28,037 - INFO - Executing query: SELECT cardno AS NOPOL from trnquotacustomer
2025-03-24 10:18:16,358 - INFO - Executing query: SELECT * FROM trnrfidmap
2025-03-24 10:18:34,680 - INFO - Executing query: SELECT ID,CARDNO FROM trnquotacustomer WHERE processed = 1
2025-03-24 10:18:35,795 - INFO - Executing query: SELECT * FROM trnrfidmap
